This is pdfTeX, Version 3.141592653-2.6-1.40.25 (TeX Live 2023) (preloaded format=pdflatex 2023.8.17)  18 AUG 2023 00:36
entering extended mode
 restricted \write18 enabled.
 %&-line parsing enabled.
**src/r1/Resume.tex
(./src/r1/Resume.tex
LaTeX2e <2023-06-01> patch level 1
L3 programming layer <2023-08-11>

! LaTeX Error: File `Resume.cls' not found.

Type X to quit or <RETURN> to proceed,
or enter new name. (Default extension: cls)

Enter file name: 
! Emergency stop.
<read *> 
         
l.4 ^^M
        
Here is how much of TeX's memory you used:
 22 strings out of 477149
 472 string characters out of 5812949
 1916254 words of memory out of 5000000
 21159 multiletter control sequences out of 15000+600000
 558069 words of font info for 36 fonts, out of 8000000 for 9000
 14 hyphenation exceptions out of 8191
 19i,0n,29p,106b,17s stack positions out of 10000i,1000n,20000p,200000b,200000s

!  ==> Fatal error occurred, no output PDF file produced!
